<?xml version="1.0" encoding="UTF-8"?>
<!-- Generated by org.testng.reporters.JUnitXMLReporter -->
<testsuite ignored="0" hostname="DESKTOP-6BS8MC7" failures="1" tests="3" name="Test" time="89.197" errors="0" timestamp="2022-02-25T16:39:54 IST">
  <testcase classname="pack11.TestNG" name="sendMessage" time="23.995"/>
  <testcase classname="pack11.TestNG" name="headerr" time="0.002">
    <failure type="java.lang.AssertionError" message="null">
      <![CDATA[java.lang.AssertionError: null
at pack11.TestNG.headerr(TestNG.java:77)
at java.base/java.util.ArrayList.forEach(ArrayList.java:1511)
... Removed 29 stack frames]]>
    </failure>
  </testcase> <!-- headerr -->
  <testcase classname="pack11.TestNGFriend" name="verifyFriend" time="13.518"/>
</testsuite> <!-- Test -->
